<?xml version="1.0" encoding="UTF-8"?>
<!-- Generated by org.testng.reporters.JUnitXMLReporter -->
<testsuite ignored="0" hostname="DESKTOP-VBH6LU1" failures="0" tests="16" name="Surefire test" time="8.407" errors="0" timestamp="2023-12-30T19:43:22 ART">
  <testcase classname="InscripcionTest" name="loadPage" time="0.726"/>
  <testcase classname="InscripcionTest" name="register" time="0.34"/>
  <testcase classname="InscripcionTest" name="register" time="0.264"/>
  <testcase classname="InscripcionTest" name="register" time="0.238"/>
  <testcase classname="InscripcionTest" name="register" time="0.241"/>
  <testcase classname="InscripcionTest" name="register" time="0.239"/>
  <testcase classname="InscripcionTest" name="register" time="0.248"/>
  <testcase classname="InscripcionTest" name="register" time="0.247"/>
  <testcase classname="InscripcionTest" name="register" time="0.249"/>
  <testcase classname="InscripcionTest" name="register" time="0.238"/>
  <testcase classname="InscripcionTest" name="register" time="0.243"/>
  <testcase classname="InscripcionTest" name="register" time="0.243"/>
  <testcase classname="InscripcionTest" name="register" time="0.254"/>
  <testcase classname="InscripcionTest" name="register" time="0.238"/>
  <testcase classname="InscripcionTest" name="register" time="0.238"/>
  <testcase classname="InscripcionTest" name="register" time="0.297"/>
</testsuite> <!-- Surefire test -->
