<?xml version="1.0" encoding="UTF-8"?>
<testsuite name="TestNGTest-fa038fa0-ad10-4399-ae59-cc9b2761df66"
           tests="27"
           failures="0"
           errors="0"
           skipped="0"
           time="0.164">
    <properties></properties>



            <testcase
                name="testInscripcionSocio"
                time="0.002"
                classname="testing.ActividadTest">
            </testcase>
            <testcase
                name="testInscripcionSocio"
                time="0.000"
                classname="testing.ActividadTest">
            </testcase>
            <testcase
                name="testNoSuperarCupo"
                time="0.001"
                classname="testing.ActividadTest">
            </testcase>
            <testcase
                name="testSetEncargado"
                time="0.001"
                classname="testing.ActividadTest">
            </testcase>
            <testcase
                name="testSetEncargado"
                time="0.000"
                classname="testing.ActividadTest">
            </testcase>
            <testcase
                name="testSetEncargado"
                time="0.000"
                classname="testing.ActividadTest">
            </testcase>
            <testcase
                name="testSetEncargado"
                time="0.003"
                classname="testing.ActividadTest">
            </testcase>
            <testcase
                name="testInscripcionSocio"
                time="0.001"
                classname="testing.ActividadTest">
            </testcase>
            <testcase
                name="testSetEncargado"
                time="0.001"
                classname="testing.ActividadTest">
            </testcase>
            <testcase
                name="testInscripcionSocio"
                time="0.001"
                classname="testing.ActividadTest">
            </testcase>
            <testcase
                name="testInscripcionSocio"
                time="0.011"
                classname="testing.ActividadTest">
            </testcase>
            <testcase
                name="testInscripcionSocio"
                time="0.001"
                classname="testing.ActividadTest">
            </testcase>
            <testcase
                name="testSetEncargado"
                time="0.001"
                classname="testing.ActividadTest">
            </testcase>
            <testcase
                name="testSetEncargado"
                time="0.000"
                classname="testing.ActividadTest">
            </testcase>
            <testcase
                name="testSetEncargado"
                time="0.000"
                classname="testing.ActividadTest">
            </testcase>
            <testcase
                name="testSetEncargado"
                time="0.001"
                classname="testing.ActividadTest">
            </testcase>
            <testcase
                name="testNoInscribirSocioDeEdadInsuficiente"
                time="0.001"
                classname="testing.ActividadTest">
            </testcase>
            <testcase
                name="testSetEncargado"
                time="0.001"
                classname="testing.ActividadTest">
            </testcase>
            <testcase
                name="testSetEncargado"
                time="0.001"
                classname="testing.ActividadTest">
            </testcase>
            <testcase
                name="testInscripcionSocio"
                time="0.127"
                classname="testing.ActividadTest">
            </testcase>
            <testcase
                name="testInscripcionSocio"
                time="0.001"
                classname="testing.ActividadTest">
            </testcase>
            <testcase
                name="testInscripcionSocio"
                time="0.001"
                classname="testing.ActividadTest">
            </testcase>
            <testcase
                name="testSetEncargado"
                time="0.001"
                classname="testing.ActividadTest">
            </testcase>
            <testcase
                name="testInscripcionSocio"
                time="0.005"
                classname="testing.ActividadTest">
            </testcase>
            <testcase
                name="testSetEncargado"
                time="0.001"
                classname="testing.ActividadTest">
            </testcase>
            <testcase
                name="testSetEncargado"
                time="0.000"
                classname="testing.ActividadTest">
            </testcase>
            <testcase
                name="testSetEncargado"
                time="0.001"
                classname="testing.ActividadTest">
            </testcase>
</testsuite>
