<?xml version="1.0" encoding="UTF-8"?>
<testsuite name="TestNGTest-9699f9c5-6027-4b3a-aaeb-2fb3c8af1c64"
           tests="10"
           failures="0"
           errors="0"
           skipped="0"
           time="0.111">
    <properties></properties>



            <testcase
                name="testInscripcionSocio"
                time="0.103"
                classname="testng.SocioTest">
            </testcase>
            <testcase
                name="testInscripcionSocio"
                time="0.001"
                classname="testng.SocioTest">
            </testcase>
            <testcase
                name="testInscripcionSocio"
                time="0.001"
                classname="testng.SocioTest">
            </testcase>
            <testcase
                name="testInscripcionSocio"
                time="0.000"
                classname="testng.SocioTest">
            </testcase>
            <testcase
                name="testInscripcionSocio"
                time="0.000"
                classname="testng.SocioTest">
            </testcase>
            <testcase
                name="testInscripcionSocio"
                time="0.001"
                classname="testng.SocioTest">
            </testcase>
            <testcase
                name="testInscripcionSocio"
                time="0.001"
                classname="testng.SocioTest">
            </testcase>
            <testcase
                name="testInscripcionSocio"
                time="0.001"
                classname="testng.SocioTest">
            </testcase>
            <testcase
                name="testInscripcionSocio"
                time="0.002"
                classname="testng.SocioTest">
            </testcase>
            <testcase
                name="testInscripcionSocio"
                time="0.001"
                classname="testng.SocioTest">
            </testcase>
</testsuite>
