<?xml version="1.0" encoding="UTF-8"?>
<testsuite name="TestNGTest-860656d8-5517-475c-ba95-cba5baa06f3f"
           tests="12"
           failures="0"
           errors="0"
           skipped="0"
           time="0.094">
    <properties></properties>



            <testcase
                name="testNoSuperarCupo"
                time="0.003"
                classname="testng.ActividadTest">
            </testcase>
            <testcase
                name="testInscripcionSocio"
                time="0.001"
                classname="testng.ActividadTest">
            </testcase>
            <testcase
                name="testInscripcionSocio"
                time="0.000"
                classname="testng.ActividadTest">
            </testcase>
            <testcase
                name="testInscripcionSocio"
                time="0.000"
                classname="testng.ActividadTest">
            </testcase>
            <testcase
                name="testInscripcionSocio"
                time="0.001"
                classname="testng.ActividadTest">
            </testcase>
            <testcase
                name="testNoInscribirSocioDeEdadInsuficiente"
                time="0.001"
                classname="testng.ActividadTest">
            </testcase>
            <testcase
                name="testInscripcionSocio"
                time="0.000"
                classname="testng.ActividadTest">
            </testcase>
            <testcase
                name="testInscripcionSocio"
                time="0.085"
                classname="testng.ActividadTest">
            </testcase>
            <testcase
                name="testInscripcionSocio"
                time="0.001"
                classname="testng.ActividadTest">
            </testcase>
            <testcase
                name="testInscripcionSocio"
                time="0.001"
                classname="testng.ActividadTest">
            </testcase>
            <testcase
                name="testInscripcionSocio"
                time="0.000"
                classname="testng.ActividadTest">
            </testcase>
            <testcase
                name="testInscripcionSocio"
                time="0.001"
                classname="testng.ActividadTest">
            </testcase>
</testsuite>
