<?xml version="1.0" encoding="UTF-8"?>
<testsuite xmlns:xsi="http://www.w3.org/2001/XMLSchema-instance" xsi:noNamespaceSchemaLocation="https://maven.apache.org/surefire/maven-surefire-plugin/xsd/surefire-test-report-3.0.xsd" version="3.0" name="InscripcionTest" time="9.007" tests="16" errors="0" skipped="0" failures="0">
  <properties>
[...]
</properties>
  <testcase name="loadPage" classname="InscripcionTest" time="0.725">
    <system-err><![CDATA[SLF4J: No SLF4J providers were found.
SLF4J: Defaulting to no-operation (NOP) logger implementation
SLF4J: See https://www.slf4j.org/codes.html#noProviders for further details.
]]></system-err>
  </testcase>
  <testcase name="register[automation.Persona@17814b1c](1)" classname="InscripcionTest" time="0.341"/>
  <testcase name="register[automation.Persona@4dafba3e](2)" classname="InscripcionTest" time="0.264"/>
  <testcase name="register[automation.Persona@7772054c](3)" classname="InscripcionTest" time="0.238"/>
  <testcase name="register[automation.Persona@67440de6](4)" classname="InscripcionTest" time="0.242"/>
  <testcase name="register[automation.Persona@1cb37ee4](5)" classname="InscripcionTest" time="0.24"/>
  <testcase name="register[automation.Persona@2b98b3bb](6)" classname="InscripcionTest" time="0.25"/>
  <testcase name="register[automation.Persona@1640c151](7)" classname="InscripcionTest" time="0.247"/>
  <testcase name="register[automation.Persona@77e7246b](8)" classname="InscripcionTest" time="0.249"/>
  <testcase name="register[automation.Persona@151ef57f](9)" classname="InscripcionTest" time="0.239"/>
  <testcase name="register[automation.Persona@9e2ad91](10)" classname="InscripcionTest" time="0.243"/>
  <testcase name="register[automation.Persona@8a2a6a](11)" classname="InscripcionTest" time="0.243"/>
  <testcase name="register[automation.Persona@158f4cfe](12)" classname="InscripcionTest" time="0.254"/>
  <testcase name="register[automation.Persona@31a3f4de](13)" classname="InscripcionTest" time="0.238"/>
  <testcase name="register[automation.Persona@b606cb6](14)" classname="InscripcionTest" time="0.239"/>
  <testcase name="register[automation.Persona@68d7a2df](15)" classname="InscripcionTest" time="0.296"/>
</testsuite>